<?xml version="1.0" encoding="UTF-8"?>
<robot generator="Robot 6.0.2 (Python 3.10.10 on win32)" generated="20230219 13:29:54.856" rpa="false" schemaversion="3">
<suite id="s1" name="TestClient" source="C:\Users\imrui\OneDrive\桌面\Robot Framework\TestClient\Tests\TestClient.robot">
<test id="s1-t1" name="Go to Main Page" line="12">
<kw name="Begin Web Test" library="Common" type="SETUP">
<kw name="Set Selenium Speed" library="SeleniumLibrary">
<arg>0.2s</arg>
<doc>Sets the delay that is waited after each Selenium command.</doc>
<status status="PASS" starttime="20230219 13:29:55.224" endtime="20230219 13:29:55.224"/>
</kw>
<kw name="Set Selenium Timeout" library="SeleniumLibrary">
<arg>15s</arg>
<doc>Sets the timeout that is used by various keywords.</doc>
<status status="PASS" starttime="20230219 13:29:55.224" endtime="20230219 13:29:55.225"/>
</kw>
<kw name="Open Browser" library="SeleniumLibrary">
<arg>about:blank</arg>
<arg>${BROSWER}</arg>
<doc>Opens a new browser instance to the optional ``url``.</doc>
<msg timestamp="20230219 13:29:55.227" level="INFO">Opening browser 'edge' to base url 'about:blank'.</msg>
<status status="PASS" starttime="20230219 13:29:55.225" endtime="20230219 13:30:01.606"/>
</kw>
<status status="PASS" starttime="20230219 13:29:55.223" endtime="20230219 13:30:01.606"/>
</kw>
<kw name="Log" library="BuiltIn">
<arg>Go to Main Page</arg>
<doc>Logs the given message with the given level.</doc>
<msg timestamp="20230219 13:30:01.606" level="INFO">Go to Main Page</msg>
<status status="PASS" starttime="20230219 13:30:01.606" endtime="20230219 13:30:01.606"/>
</kw>
<kw name="Go to Main Page" library="TestClientApp">
<arg>${URL}</arg>
<kw name="Load Main Page" library="MainPage">
<arg>${URL}</arg>
<kw name="Go To" library="SeleniumLibrary">
<arg>${URL}</arg>
<doc>Navigates the current browser window to the provided ``url``.</doc>
<msg timestamp="20230219 13:30:01.612" level="INFO">Opening url 'https://automationplayground.com/front-office/'</msg>
<status status="PASS" starttime="20230219 13:30:01.612" endtime="20230219 13:30:03.942"/>
</kw>
<status status="PASS" starttime="20230219 13:30:01.606" endtime="20230219 13:30:03.942"/>
</kw>
<kw name="Verify Main Page Loaded" library="MainPage">
<kw name="Wait Until Page Contains" library="SeleniumLibrary">
<arg>${MAINPAGE_HEADER_LABEL}</arg>
<doc>Waits until ``text`` appears on the current page.</doc>
<status status="PASS" starttime="20230219 13:30:03.942" endtime="20230219 13:30:04.179"/>
</kw>
<status status="PASS" starttime="20230219 13:30:03.942" endtime="20230219 13:30:04.179"/>
</kw>
<status status="PASS" starttime="20230219 13:30:01.606" endtime="20230219 13:30:04.179"/>
</kw>
<kw name="Close Web Test" library="Common" type="TEARDOWN">
<kw name="Close Browser" library="SeleniumLibrary">
<doc>Closes the current browser.</doc>
<status status="PASS" starttime="20230219 13:30:04.179" endtime="20230219 13:30:06.876"/>
</kw>
<status status="PASS" starttime="20230219 13:30:04.179" endtime="20230219 13:30:06.876"/>
</kw>
<status status="PASS" starttime="20230219 13:29:55.221" endtime="20230219 13:30:06.876"/>
</test>
<test id="s1-t2" name="Go to Team Page" line="16">
<kw name="Begin Web Test" library="Common" type="SETUP">
<kw name="Set Selenium Speed" library="SeleniumLibrary">
<arg>0.2s</arg>
<doc>Sets the delay that is waited after each Selenium command.</doc>
<status status="PASS" starttime="20230219 13:30:06.879" endtime="20230219 13:30:06.879"/>
</kw>
<kw name="Set Selenium Timeout" library="SeleniumLibrary">
<arg>15s</arg>
<doc>Sets the timeout that is used by various keywords.</doc>
<status status="PASS" starttime="20230219 13:30:06.880" endtime="20230219 13:30:06.880"/>
</kw>
<kw name="Open Browser" library="SeleniumLibrary">
<arg>about:blank</arg>
<arg>${BROSWER}</arg>
<doc>Opens a new browser instance to the optional ``url``.</doc>
<msg timestamp="20230219 13:30:06.881" level="INFO">Opening browser 'edge' to base url 'about:blank'.</msg>
<status status="PASS" starttime="20230219 13:30:06.880" endtime="20230219 13:30:08.893"/>
</kw>
<status status="PASS" starttime="20230219 13:30:06.879" endtime="20230219 13:30:08.893"/>
</kw>
<kw name="Log" library="BuiltIn">
<arg>Go to Team Page</arg>
<doc>Logs the given message with the given level.</doc>
<msg timestamp="20230219 13:30:08.927" level="INFO">Go to Team Page</msg>
<status status="PASS" starttime="20230219 13:30:08.924" endtime="20230219 13:30:08.927"/>
</kw>
<kw name="Go to Main Page" library="TestClientApp">
<arg>${URL}</arg>
<kw name="Load Main Page" library="MainPage">
<arg>${URL}</arg>
<kw name="Go To" library="SeleniumLibrary">
<arg>${URL}</arg>
<doc>Navigates the current browser window to the provided ``url``.</doc>
<msg timestamp="20230219 13:30:08.932" level="INFO">Opening url 'https://automationplayground.com/front-office/'</msg>
<status status="PASS" starttime="20230219 13:30:08.932" endtime="20230219 13:30:10.445"/>
</kw>
<status status="PASS" starttime="20230219 13:30:08.931" endtime="20230219 13:30:10.445"/>
</kw>
<kw name="Verify Main Page Loaded" library="MainPage">
<kw name="Wait Until Page Contains" library="SeleniumLibrary">
<arg>${MAINPAGE_HEADER_LABEL}</arg>
<doc>Waits until ``text`` appears on the current page.</doc>
<status status="PASS" starttime="20230219 13:30:10.446" endtime="20230219 13:30:10.675"/>
</kw>
<status status="PASS" starttime="20230219 13:30:10.445" endtime="20230219 13:30:10.675"/>
</kw>
<status status="PASS" starttime="20230219 13:30:08.930" endtime="20230219 13:30:10.675"/>
</kw>
<kw name="Go to Team Page" library="TestClientApp">
<kw name="Click &quot;TEAM&quot; Link" library="TopNav">
<kw name="Click Link" library="SeleniumLibrary">
<arg>${TOPNAV_TEAM_LINK}</arg>
<doc>Clicks a link identified by ``locator``.</doc>
<msg timestamp="20230219 13:30:10.678" level="INFO">Clicking link 'Team'.</msg>
<status status="PASS" starttime="20230219 13:30:10.678" endtime="20230219 13:30:11.370"/>
</kw>
<status status="PASS" starttime="20230219 13:30:10.678" endtime="20230219 13:30:11.371"/>
</kw>
<kw name="Verify Main Page Loaded" library="Team">
<kw name="Wait Until Page Contains" library="SeleniumLibrary">
<arg>${MAINPAGE_HEADER_LABEL}</arg>
<doc>Waits until ``text`` appears on the current page.</doc>
<status status="PASS" starttime="20230219 13:30:11.373" endtime="20230219 13:30:11.590"/>
</kw>
<status status="PASS" starttime="20230219 13:30:11.372" endtime="20230219 13:30:11.591"/>
</kw>
<status status="PASS" starttime="20230219 13:30:10.676" endtime="20230219 13:30:11.591"/>
</kw>
<kw name="Sleep" library="BuiltIn">
<arg>2s</arg>
<doc>Pauses the test executed for the given time.</doc>
<msg timestamp="20230219 13:30:13.611" level="INFO">Slept 2 seconds</msg>
<status status="PASS" starttime="20230219 13:30:11.592" endtime="20230219 13:30:13.611"/>
</kw>
<kw name="Close Web Test" library="Common" type="TEARDOWN">
<kw name="Close Browser" library="SeleniumLibrary">
<doc>Closes the current browser.</doc>
<status status="PASS" starttime="20230219 13:30:13.616" endtime="20230219 13:30:18.486"/>
</kw>
<status status="PASS" starttime="20230219 13:30:13.613" endtime="20230219 13:30:18.486"/>
</kw>
<status status="PASS" starttime="20230219 13:30:06.876" endtime="20230219 13:30:18.486"/>
</test>
<doc>Automation tests</doc>
<status status="PASS" starttime="20230219 13:29:54.866" endtime="20230219 13:30:18.486"/>
</suite>
<statistics>
<total>
<stat pass="2" fail="0" skip="0">All Tests</stat>
</total>
<tag>
</tag>
<suite>
<stat pass="2" fail="0" skip="0" id="s1" name="TestClient">TestClient</stat>
</suite>
</statistics>
<errors>
</errors>
</robot>
